#
# There is insufficient memory for the Java Runtime Environment to continue.
# Native memory allocation (mmap) failed to map 117440512 bytes for G1 virtual space
# Possible reasons:
#   The system is out of physical RAM or swap space
#   The process is running with CompressedOops enabled, and the Java Heap may be blocking the growth of the native heap
# Possible solutions:
#   Reduce memory load on the system
#   Increase physical memory or swap space
#   Check if swap backing store is full
#   Decrease Java heap size (-Xmx/-Xms)
#   Decrease number of Java threads
#   Decrease Java thread stack sizes (-Xss)
#   Set larger code cache with -XX:ReservedCodeCacheSize=
#   JVM is running with Unscaled Compressed Oops mode in which the Java heap is
#     placed in the first 4GB address space. The Java Heap base address is the
#     maximum limit for the native heap growth. Please use -XX:HeapBaseMinAddress
#     to set the Java Heap base and to place the Java Heap above 4GB virtual address.
# This output file may be truncated or incomplete.
#
#  Out of Memory Error (os_windows.cpp:3466), pid=17368, tid=1000
#
# JRE version:  (16.0+36) (build )
# Java VM: Java HotSpot(TM) 64-Bit Server VM (16+36-2231, mixed mode, sharing, tiered, compressed oops, g1 gc, windows-amd64)
# No core dump will be written. Minidumps are not enabled by default on client versions of Windows
#

---------------  S U M M A R Y ------------

Command Line: -agentlib:jdwp=transport=dt_socket,address=127.0.0.1:50447,suspend=y,server=n -javaagent:C:\Users\48602\AppData\Local\JetBrains\IntelliJIdea2021.2\captureAgent\debugger-agent.jar -Dfile.encoding=UTF-8 server.Server

Host: AMD Ryzen 5 3500U with Radeon Vega Mobile Gfx  , 8 cores, 6G,  Windows 10 , 64 bit Build 22000 (10.0.22000.708)
Time: Wed Jul 13 12:40:00 2022  Windows 10 , 64 bit Build 22000 (10.0.22000.708) elapsed time: 0.445141 seconds (0d 0h 0m 0s)

---------------  T H R E A D  ---------------

Current thread (0x000001e5fe47eec0):  JavaThread "Unknown thread" [_thread_in_vm, id=1000, stack(0x0000008d0d900000,0x0000008d0da00000)]

Stack: [0x0000008d0d900000,0x0000008d0da00000]
Native frames: (J=compiled Java code, j=interpreted, Vv=VM code, C=native code)
V  [jvm.dll+0x6681da]
V  [jvm.dll+0x7c9d99]
V  [jvm.dll+0x7cb4d3]
V  [jvm.dll+0x7cbb33]
V  [jvm.dll+0x242ee5]
V  [jvm.dll+0x664f99]
V  [jvm.dll+0x659b85]
V  [jvm.dll+0x2fbfcb]
V  [jvm.dll+0x3031c6]
V  [jvm.dll+0x352a0e]
V  [jvm.dll+0x352c3f]
V  [jvm.dll+0x2d3038]
V  [jvm.dll+0x2d4274]
V  [jvm.dll+0x79c691]
V  [jvm.dll+0x3607b1]
V  [jvm.dll+0x77a370]
V  [jvm.dll+0x3e501f]
V  [jvm.dll+0x3e6af1]
C  [jli.dll+0x52fb]
C  [ucrtbase.dll+0x26c0c]
C  [KERNEL32.DLL+0x154e0]
C  [ntdll.dll+0x485b]


---------------  P R O C E S S  ---------------

Threads class SMR info:
_java_thread_list=0x00007fff2d6bcbb8, length=0, elements={
}

Java Threads: ( => current thread )

Other Threads:
  0x000001e5fe4bb2a0 GCTaskThread "GC Thread#0" [stack: 0x0000008d0da00000,0x0000008d0db00000] [id=27572]
  0x000001e5fe4cb1f0 ConcurrentGCThread "G1 Main Marker" [stack: 0x0000008d0db00000,0x0000008d0dc00000] [id=27672]
  0x000001e5fe4ccc70 ConcurrentGCThread "G1 Conc#0" [stack: 0x0000008d0dc00000,0x0000008d0dd00000] [id=2852]

[error occurred during error reporting (printing all threads), id 0xc0000005, EXCEPTION_ACCESS_VIOLATION (0xc0000005) at pc=0x00007fff2ce93ef7]

VM state: not at safepoint (not fully initialized)

VM Mutex/Monitor currently owned by a thread:  ([mutex/lock_event])
[0x000001e5fe47c0c0] Heap_lock - owner thread: 0x000001e5fe47eec0

Heap address: 0x0000000091000000, size: 1776 MB, Compressed Oops mode: 32-bit
CDS archive(s) mapped at: [0x0000000000000000-0x0000000000000000-0x0000000000000000), size 0, SharedBaseAddress: 0x0000000800000000, ArchiveRelocationMode: 0.
Narrow klass base: 0x0000000000000000, Narrow klass shift: 0, Narrow klass range: 0x0

GC Precious Log:
<Empty>

Heap:
 garbage-first heap   total 0K, used 0K [0x0000000091000000, 0x0000000100000000)
  region size 1024K, 0 young (0K), 0 survivors (0K)

[error occurred during error reporting (printing heap information), id 0xc0000005, EXCEPTION_ACCESS_VIOLATION (0xc0000005) at pc=0x00007fff2d271edd]

GC Heap History (0 events):
No events

Deoptimization events (0 events):
No events

Classes unloaded (0 events):
No events

Classes redefined (0 events):
No events

Internal exceptions (0 events):
No events

Events (1 events):
Event: 0.432 Loaded shared library C:\Program Files\Java\jdk-16\bin\java.dll


Dynamic libraries:
0x00007ff7655a0000 - 0x00007ff7655b0000 	C:\Program Files\Java\jdk-16\bin\java.exe
0x00007fffa1580000 - 0x00007fffa1789000 	C:\WINDOWS\SYSTEM32\ntdll.dll
0x00007fff85960000 - 0x00007fff85976000 	C:\Program Files\Avast Software\Avast\aswhook.dll
0x00007fffa0680000 - 0x00007fffa073d000 	C:\WINDOWS\System32\KERNEL32.DLL
0x00007fff9ef70000 - 0x00007fff9f2e9000 	C:\WINDOWS\System32\KERNELBASE.dll
0x00007fff9f2f0000 - 0x00007fff9f401000 	C:\WINDOWS\System32\ucrtbase.dll
0x00007fff90d30000 - 0x00007fff90d48000 	C:\Program Files\Java\jdk-16\bin\jli.dll
0x00007fffa0c30000 - 0x00007fffa0cde000 	C:\WINDOWS\System32\ADVAPI32.dll
0x00007fffa0160000 - 0x00007fffa0203000 	C:\WINDOWS\System32\msvcrt.dll
0x00007fffa1100000 - 0x00007fffa119e000 	C:\WINDOWS\System32\sechost.dll
0x00007fffa0e00000 - 0x00007fffa0f20000 	C:\WINDOWS\System32\RPCRT4.dll
0x00007fff96190000 - 0x00007fff961a9000 	C:\Program Files\Java\jdk-16\bin\VCRUNTIME140.dll
0x00007fffa0960000 - 0x00007fffa0b0c000 	C:\WINDOWS\System32\USER32.dll
0x00007fff9ef40000 - 0x00007fff9ef66000 	C:\WINDOWS\System32\win32u.dll
0x00007fffa0dd0000 - 0x00007fffa0df9000 	C:\WINDOWS\System32\GDI32.dll
0x00007fff9ed60000 - 0x00007fff9ee72000 	C:\WINDOWS\System32\gdi32full.dll
0x00007fff85980000 - 0x00007fff85c25000 	C:\WINDOWS\WinSxS\amd64_microsoft.windows.common-controls_6595b64144ccf1df_6.0.22000.120_none_9d947278b86cc467\COMCTL32.dll
0x00007fff9ec50000 - 0x00007fff9eced000 	C:\WINDOWS\System32\msvcp_win.dll
0x00007fff996d0000 - 0x00007fff996da000 	C:\WINDOWS\SYSTEM32\VERSION.dll
0x00007fff9fcd0000 - 0x00007fff9fd01000 	C:\WINDOWS\System32\IMM32.DLL
0x00007fff96c70000 - 0x00007fff96c7c000 	C:\Program Files\Java\jdk-16\bin\vcruntime140_1.dll
0x00007fff89020000 - 0x00007fff890b1000 	C:\Program Files\Java\jdk-16\bin\msvcp140.dll
0x00007fff2cbb0000 - 0x00007fff2d75b000 	C:\Program Files\Java\jdk-16\bin\server\jvm.dll
0x00007fffa0150000 - 0x00007fffa0158000 	C:\WINDOWS\System32\PSAPI.DLL
0x00007fff94680000 - 0x00007fff94689000 	C:\WINDOWS\SYSTEM32\WSOCK32.dll
0x00007fffa0f20000 - 0x00007fffa0f8f000 	C:\WINDOWS\System32\WS2_32.dll
0x00007fff99710000 - 0x00007fff99743000 	C:\WINDOWS\SYSTEM32\WINMM.dll
0x00007fff9db30000 - 0x00007fff9db48000 	C:\WINDOWS\SYSTEM32\kernel.appcore.dll
0x00007fff90d20000 - 0x00007fff90d2a000 	C:\Program Files\Java\jdk-16\bin\jimage.dll
0x00007fff9c490000 - 0x00007fff9c6b1000 	C:\WINDOWS\SYSTEM32\DBGHELP.DLL
0x00007fff97400000 - 0x00007fff97431000 	C:\WINDOWS\SYSTEM32\dbgcore.DLL
0x00007fff9ea60000 - 0x00007fff9eadf000 	C:\WINDOWS\System32\bcryptPrimitives.dll
0x00007fff88db0000 - 0x00007fff88deb000 	C:\Program Files\Java\jdk-16\bin\jdwp.dll
0x00007fff9c790000 - 0x00007fff9c79e000 	C:\Program Files\Java\jdk-16\bin\instrument.dll
0x00007fff88e20000 - 0x00007fff88e45000 	C:\Program Files\Java\jdk-16\bin\java.dll

dbghelp: loaded successfully - version: 4.0.5 - missing functions: none
symbol engine: initialized successfully - sym options: 0x614 - pdb path: .;C:\Program Files\Java\jdk-16\bin;C:\WINDOWS\SYSTEM32;C:\Program Files\Avast Software\Avast;C:\WINDOWS\WinSxS\amd64_microsoft.windows.common-controls_6595b64144ccf1df_6.0.22000.120_none_9d947278b86cc467;C:\Program Files\Java\jdk-16\bin\server

VM Arguments:
jvm_args: -agentlib:jdwp=transport=dt_socket,address=127.0.0.1:50447,suspend=y,server=n -javaagent:C:\Users\48602\AppData\Local\JetBrains\IntelliJIdea2021.2\captureAgent\debugger-agent.jar -Dfile.encoding=UTF-8 
java_command: server.Server
java_class_path (initial): D:\Java\IdeaProjects\checkersOne\target\scala-2.13\classes;C:\Users\48602\AppData\Local\Coursier\cache\v1\https\repo1.maven.org\maven2\ch\qos\logback\logback-classic\1.2.3\logback-classic-1.2.3.jar;C:\Users\48602\AppData\Local\Coursier\cache\v1\https\repo1.maven.org\maven2\ch\qos\logback\logback-core\1.2.3\logback-core-1.2.3.jar;C:\Users\48602\AppData\Local\Coursier\cache\v1\https\repo1.maven.org\maven2\co\fs2\fs2-core_2.13\2.5.4\fs2-core_2.13-2.5.4.jar;C:\Users\48602\AppData\Local\Coursier\cache\v1\https\repo1.maven.org\maven2\co\fs2\fs2-io_2.13\2.5.4\fs2-io_2.13-2.5.4.jar;C:\Users\48602\AppData\Local\Coursier\cache\v1\https\repo1.maven.org\maven2\co\fs2\fs2-reactive-streams_2.13\2.5.3\fs2-reactive-streams_2.13-2.5.3.jar;C:\Users\48602\AppData\Local\Coursier\cache\v1\https\repo1.maven.org\maven2\com\beachape\enumeratum-macros_2.13\1.6.1\enumeratum-macros_2.13-1.6.1.jar;C:\Users\48602\AppData\Local\Coursier\cache\v1\https\repo1.maven.org\maven2\com\beachape\enumeratum_2.13\1.7.0\enumeratum_2.13-1.7.0.jar;C:\Users\48602\AppData\Local\Coursier\cache\v1\https\repo1.maven.org\maven2\com\chuusai\shapeless_2.13\2.3.3\shapeless_2.13-2.3.3.jar;C:\Users\48602\AppData\Local\Coursier\cache\v1\https\repo1.maven.org\maven2\com\google\protobuf\protobuf-java\3.19.4\protobuf-java-3.19.4.jar;C:\Users\48602\AppData\Local\Coursier\cache\v1\https\repo1.maven.org\maven2\com\twitter\hpack\1.0.2\hpack-1.0.2.jar;C:\Users\48602\AppData\Local\Coursier\cache\v1\https\repo1.maven.org\maven2\com\typesafe\slick\slick-codegen_2.13\3.3.3\slick-codegen_2.13-3.3.3.jar;C:\Users\48602\AppData\Local\Coursier\cache\v1\https\repo1.maven.org\maven2\com\typesafe\slick\slick-hikaricp_2.13\3.3.3\slick-hikaricp_2.13-3.3.3.jar;C:\Users\48602\AppData\Local\Coursier\cache\v1\https\repo1.maven.org\maven2\com\typesafe\slick\slick_2.13\3.3.3\slick_2.13-3.3.3.jar;C:\Users\48602\AppData\Local\Coursier\cache\v1\https\repo1.maven.org\maven2\com\typesafe\config\1.3.2\config-1.3.2.jar;C:\User
Launcher Type: SUN_STANDARD

[Global flags]
     intx CICompilerCount                          = 4                                         {product} {ergonomic}
     uint ConcGCThreads                            = 2                                         {product} {ergonomic}
     uint G1ConcRefinementThreads                  = 8                                         {product} {ergonomic}
   size_t G1HeapRegionSize                         = 1048576                                   {product} {ergonomic}
    uintx GCDrainStackTargetSize                   = 64                                        {product} {ergonomic}
   size_t InitialHeapSize                          = 117440512                                 {product} {ergonomic}
   size_t MarkStackSize                            = 4194304                                   {product} {ergonomic}
   size_t MaxHeapSize                              = 1862270976                                {product} {ergonomic}
   size_t MinHeapDeltaBytes                        = 1048576                                   {product} {ergonomic}
   size_t MinHeapSize                              = 8388608                                   {product} {ergonomic}
    uintx NonNMethodCodeHeapSize                   = 5839372                                {pd product} {ergonomic}
    uintx NonProfiledCodeHeapSize                  = 122909434                              {pd product} {ergonomic}
    uintx ProfiledCodeHeapSize                     = 122909434                              {pd product} {ergonomic}
    uintx ReservedCodeCacheSize                    = 251658240                              {pd product} {ergonomic}
     bool SegmentedCodeCache                       = true                                      {product} {ergonomic}
   size_t SoftMaxHeapSize                          = 1862270976                             {manageable} {ergonomic}
     bool UseCompressedClassPointers               = true                           {product lp64_product} {ergonomic}
     bool UseCompressedOops                        = true                           {product lp64_product} {ergonomic}
     bool UseG1GC                                  = true                                      {product} {ergonomic}
     bool UseLargePagesIndividualAllocation        = false                                  {pd product} {ergonomic}

Logging:
Log output configuration:
 #0: stdout all=warning uptime,level,tags
 #1: stderr all=off uptime,level,tags

Environment Variables:
JAVA_HOME=C:\Users\48602\.jdks\adopt-openjdk-11.0.10
PATH=C:\Program Files\Common Files\Oracle\Java\javapath;C:\WINDOWS\system32;C:\WINDOWS;C:\WINDOWS\System32\Wbem;C:\WINDOWS\System32\WindowsPowerShell\v1.0\;C:\WINDOWS\System32\OpenSSH\;C:\Program Files\Microsoft SQL Server\120\Tools\Binn\;C:\Program Files\Common Files\Autodesk Shared\;C:\Program Files\Git\cmd;D:\Java\maven\apache-maven-3.8.1-bin\apache-maven-3.8.1\bin;D:\Java\nodejs\;C:\Gradle\gradle-6.9.1\bin;;C:\Program Files\Docker\Docker\resources\bin;C:\ProgramData\DockerDesktop\version-bin;C:\Users\48602\AppData\Roaming\npm;C:\Users\48602\AppData\Local\Microsoft\WindowsApps;C:\Program Files\Java\jdk-16\bin;D:\Java\Microsoft VS Code\bin;C:\Users\48602\AppData\Roaming\npm;C:\Gradle\gradle-7.2\bin;D:\Java\heroku\bin;;C:\Users\48602\AppData\Local\Coursier\data\bin
USERNAME=48602
OS=Windows_NT
PROCESSOR_IDENTIFIER=AMD64 Family 23 Model 24 Stepping 1, AuthenticAMD



---------------  S Y S T E M  ---------------

OS:
 Windows 10 , 64 bit Build 22000 (10.0.22000.708)
OS uptime: 25 days 9:07 hours
Hyper-V role detected

CPU: total 8 (initial active 8) (8 cores per cpu, 2 threads per core) family 23 model 24 stepping 1 microcode 0x0, cx8, cmov, fxsr, ht, mmx, 3dnowpref, sse, sse2, sse3, ssse3, sse4a, sse4.1, sse4.2, popcnt, lzcnt, tsc, tscinvbit, avx, avx2, aes, clmul, bmi1, bmi2, adx, sha, fma, vzeroupper, clflush, clflushopt, hv

Memory: 4k page, system-wide physical 7103M (811M free)
TotalPageFile size 28607M (AvailPageFile size 38M)
current process WorkingSet (physical memory assigned to process): 10M, peak: 10M
current process commit charge ("private bytes"): 60M, peak: 172M

vm_info: Java HotSpot(TM) 64-Bit Server VM (16+36-2231) for windows-amd64 JRE (16+36-2231), built on Feb  8 2021 11:43:10 by "mach5one" with MS VC++ 16.7 (VS2019)

END.
